2025-11-17 14:18:11,043 [Worker-7: Loading available Gradle versions] INFO  o.e.b.c.i.u.g.PublishedGradleVersions - Gradle version information cache is not available. Remote download required.
2025-11-17 14:21:24,995 [Worker-16: Updating plug-in dependencies] INFO  o.e.m.c.i.e.AbstractTransferListenerAdapter - Downloading https://repo.maven.apache.org/maven2/org/antlr/antlr-runtime/3.2/antlr-runtime-3.2-sources.jar
2025-11-17 14:21:25,076 [Worker-16: Updating plug-in dependencies] INFO  o.e.m.c.i.e.AbstractTransferListenerAdapter - Downloaded https://repo.maven.apache.org/maven2/org/antlr/antlr-runtime/3.2/antlr-runtime-3.2-sources.jar
2025-11-17 14:21:25,192 [Worker-16: Updating plug-in dependencies] INFO  o.e.m.c.i.e.AbstractTransferListenerAdapter - Downloading https://repo.maven.apache.org/maven2/org/eclipse/emf/org.eclipse.emf.mwe.core/1.17.0/org.eclipse.emf.mwe.core-1.17.0-sources.jar
2025-11-17 14:21:25,230 [Worker-16: Updating plug-in dependencies] INFO  o.e.m.c.i.e.AbstractTransferListenerAdapter - Downloaded https://repo.maven.apache.org/maven2/org/eclipse/emf/org.eclipse.emf.mwe.core/1.17.0/org.eclipse.emf.mwe.core-1.17.0-sources.jar
2025-11-17 14:21:25,305 [Worker-16: Updating plug-in dependencies] INFO  o.e.m.c.i.e.AbstractTransferListenerAdapter - Downloading https://repo.maven.apache.org/maven2/commons-cli/commons-cli/1.10.0/commons-cli-1.10.0-sources.jar
2025-11-17 14:21:25,319 [Worker-16: Updating plug-in dependencies] INFO  o.e.m.c.i.e.AbstractTransferListenerAdapter - Downloaded https://repo.maven.apache.org/maven2/commons-cli/commons-cli/1.10.0/commons-cli-1.10.0-sources.jar
2025-11-17 14:21:25,400 [Worker-16: Updating plug-in dependencies] INFO  o.e.m.c.i.e.AbstractTransferListenerAdapter - Downloading https://repo.maven.apache.org/maven2/org/eclipse/emf/org.eclipse.emf.mwe.utils/1.17.0/org.eclipse.emf.mwe.utils-1.17.0-sources.jar
2025-11-17 14:21:25,411 [Worker-16: Updating plug-in dependencies] INFO  o.e.m.c.i.e.AbstractTransferListenerAdapter - Downloaded https://repo.maven.apache.org/maven2/org/eclipse/emf/org.eclipse.emf.mwe.utils/1.17.0/org.eclipse.emf.mwe.utils-1.17.0-sources.jar
2025-11-17 14:21:25,478 [Worker-16: Updating plug-in dependencies] INFO  o.e.m.c.i.e.AbstractTransferListenerAdapter - Downloading https://repo.maven.apache.org/maven2/com/google/guava/guava/33.4.8-jre/guava-33.4.8-jre-sources.jar
2025-11-17 14:21:25,623 [Worker-16: Updating plug-in dependencies] INFO  o.e.m.c.i.e.AbstractTransferListenerAdapter - Downloaded https://repo.maven.apache.org/maven2/com/google/guava/guava/33.4.8-jre/guava-33.4.8-jre-sources.jar
2025-11-17 14:21:25,713 [Worker-16: Updating plug-in dependencies] INFO  o.e.m.c.i.e.AbstractTransferListenerAdapter - Downloading https://repo.maven.apache.org/maven2/com/google/guava/failureaccess/1.0.3/failureaccess-1.0.3-sources.jar
2025-11-17 14:21:25,719 [Worker-16: Updating plug-in dependencies] INFO  o.e.m.c.i.e.AbstractTransferListenerAdapter - Downloaded https://repo.maven.apache.org/maven2/com/google/guava/failureaccess/1.0.3/failureaccess-1.0.3-sources.jar
2025-11-17 14:21:25,784 [Worker-16: Updating plug-in dependencies] INFO  o.e.m.c.i.e.AbstractTransferListenerAdapter - Downloading https://repo.maven.apache.org/maven2/jakarta/inject/jakarta.inject-api/2.0.1/jakarta.inject-api-2.0.1-sources.jar
2025-11-17 14:21:25,791 [Worker-16: Updating plug-in dependencies] INFO  o.e.m.c.i.e.AbstractTransferListenerAdapter - Downloaded https://repo.maven.apache.org/maven2/jakarta/inject/jakarta.inject-api/2.0.1/jakarta.inject-api-2.0.1-sources.jar
2025-11-17 14:21:25,891 [Worker-16: Updating plug-in dependencies] INFO  o.e.m.c.i.e.AbstractTransferListenerAdapter - Downloading https://repo.maven.apache.org/maven2/ch/qos/reload4j/reload4j/1.2.26/reload4j-1.2.26-sources.jar
2025-11-17 14:21:25,922 [Worker-16: Updating plug-in dependencies] INFO  o.e.m.c.i.e.AbstractTransferListenerAdapter - Downloaded https://repo.maven.apache.org/maven2/ch/qos/reload4j/reload4j/1.2.26/reload4j-1.2.26-sources.jar
2025-11-17 14:21:26,158 [Worker-16: Updating plug-in dependencies] INFO  o.e.m.c.i.e.AbstractTransferListenerAdapter - Downloading https://repo.maven.apache.org/maven2/org/osgi/org.osgi.service.prefs/1.1.2/org.osgi.service.prefs-1.1.2-sources.jar
2025-11-17 14:21:26,163 [Worker-16: Updating plug-in dependencies] INFO  o.e.m.c.i.e.AbstractTransferListenerAdapter - Downloaded https://repo.maven.apache.org/maven2/org/osgi/org.osgi.service.prefs/1.1.2/org.osgi.service.prefs-1.1.2-sources.jar
2025-11-18 11:47:20,407 [Worker-2: Loading available Gradle versions] INFO  o.e.b.c.i.u.g.PublishedGradleVersions - Gradle version information cache is up-to-date. Trying to read.
